#
# A fatal error has been detected by the Java Runtime Environment:
#
#  EXCEPTION_ACCESS_VIOLATION (0xc0000005) at pc=0x00007ff89f611b65, pid=31192, tid=35776
#
# JRE version:  (21.0.10+7) (build )
# Java VM: OpenJDK 64-Bit Server VM (21.0.10+7-LTS, mixed mode, sharing, tiered, compressed class ptrs, unknown gc, windows-amd64)
# Problematic frame:
# C  [jimage.dll+0x1b65]
#
# No core dump will be written. Minidumps are not enabled by default on client versions of Windows
#
#

---------------  S U M M A R Y ------------

Command Line: 

Host: Intel(R) Pentium(R) Silver N5030 CPU @ 1.10GHz, 4 cores, 3G,  Windows 11 , 64 bit Build 22621 (10.0.22621.5415)
Time: Tue Mar 10 10:15:44 2026 Paris, Madrid elapsed time: 0.297241 seconds (0d 0h 0m 0s)

---------------  T H R E A D  ---------------

Current thread is native thread

Stack: [0x0000003a2d500000,0x0000003a2d600000],  sp=0x0000003a2d5fe080,  free space=1016k
Native frames: (J=compiled Java code, j=interpreted, Vv=VM code, C=native code)
C  [jimage.dll+0x1b65]
C  [jimage.dll+0x1cef]
C  [jimage.dll+0x25b9]
V  [jvm.dll+0x221d52]
V  [jvm.dll+0xcae37]
V  [jvm.dll+0x867b5c]
V  [jvm.dll+0x457b31]
V  [jvm.dll+0x459721]
C  [jli.dll+0x52d0]
C  [ucrtbase.dll+0x29333]
C  [KERNEL32.DLL+0x1259d]
C  [ntdll.dll+0x5af78]


siginfo: EXCEPTION_ACCESS_VIOLATION (0xc0000005), reading address 0x0000000000014a38


Registers:
RAX=0x00000000000007b3, RBX=0x0000003a2d5fe171, RCX=0x00007ff89f616000, RDX=0x0000000000005287
RSP=0x0000003a2d5fe080, RBP=0x0000003a2d5fe170, RSI=0x0000000000007637, RDI=0x0000003a2d5fe170
R8 =0x00007ff89f614298, R9 =0x000000000000001c, R10=0x00007ff896460000, R11=0x00007ff89f616000
R12=0x0000000000000000, R13=0x0000003a2d5ffba0, R14=0x0000003a2d5ff1e0, R15=0x00007ff812344558
RIP=0x00007ff89f611b65, EFLAGS=0x0000000000010247

XMM[0]=0x0000000000000000 0x0000000000000000
XMM[1]=0x2f6d762f6c616e72 0x65746e692f6b646a
XMM[2]=0x736e6f6974706f2f 0x6d762f6c616e7265
XMM[3]=0x0000000000000000 0x0000000000000000
XMM[4]=0x0000000000000000 0x0000000000000000
XMM[5]=0x0000000000000000 0x0000000000000000
XMM[6]=0x0000000000000000 0x0000000000000000
XMM[7]=0x0000000000000000 0x0000000000000000
XMM[8]=0x0000000000000000 0x0000000000000000
XMM[9]=0x0000000000000000 0x0000000000000000
XMM[10]=0x0000000000000000 0x0000000000000000
XMM[11]=0x0000000000000000 0x0000000000000000
XMM[12]=0x0000000000000000 0x0000000000000000
XMM[13]=0x0000000000000000 0x0000000000000000
XMM[14]=0x0000000000000000 0x0000000000000000
XMM[15]=0x0000000000000000 0x0000000000000000
  MXCSR=0x00001f80


Top of Stack: (sp=0x0000003a2d5fe080)
0x0000003a2d5fe080:   005c003a0064003b 0032005600450044
0x0000003a2d5fe090:   00530056005c0036 00650064006f0043
0x0000003a2d5fe0a0:   0000013b517a6680 00007ff89f611cef
0x0000003a2d5fe0b0:   000000000000000b 0000013b517a6680
0x0000003a2d5fe0c0:   0073006e00650074 0073006e006f0069
0x0000003a2d5fe0d0:   006400650072005c 002e007400610068
0x0000003a2d5fe0e0:   006100760061006a 0035002e0031002d
0x0000003a2d5fe0f0:   00300032002e0034 0033003000360032
0x0000003a2d5fe100:   0038003000340030 006e00690077002d
0x0000003a2d5fe110:   000077b78adbc03d 006a005c00340036
0x0000003a2d5fe120:   00007ff812321de0 0000000000000017
0x0000003a2d5fe130:   0000013b517a6680 0000003a2d5ff1e0
0x0000003a2d5fe140:   000000000000000b 00007ff89f6125b9
0x0000003a2d5fe150:   005c006e00690062 0076007200650073
0x0000003a2d5fe160:   0000000000720065 0000000000000000
0x0000003a2d5fe170:   61622e6176616a2f 692f6b646a2f6573
0x0000003a2d5fe180:   2f6c616e7265746e 6f6974706f2f6d76
0x0000003a2d5fe190:   000000000000736e 0000000000000000
0x0000003a2d5fe1a0:   0000000000000000 0000000000000000
0x0000003a2d5fe1b0:   0000000000000000 0000000000000000
0x0000003a2d5fe1c0:   0000000000000000 0000000000000000
0x0000003a2d5fe1d0:   0000000000000000 0000000000000000
0x0000003a2d5fe1e0:   0000000000000000 0000000000000000
0x0000003a2d5fe1f0:   0000000000000000 0000000000000000
0x0000003a2d5fe200:   0000000000000000 0000000000000000
0x0000003a2d5fe210:   0000000000000000 0000000000000000
0x0000003a2d5fe220:   0000000000000000 0000000000000000
0x0000003a2d5fe230:   0000000000000000 0000000000000000
0x0000003a2d5fe240:   0000000000000000 0000000000000000
0x0000003a2d5fe250:   0000000000000000 0000000000000000
0x0000003a2d5fe260:   0000000000000000 0000000000000000
0x0000003a2d5fe270:   0000000000000000 000000003a000238 

Instructions: (pc=0x00007ff89f611b65)
0x00007ff89f611a65:   48 85 c9 74 1d 80 3d 9f 45 00 00 00 74 06 48 8b
0x00007ff89f611a75:   53 18 eb 04 48 8b 53 40 e8 92 0e 00 00 48 83 63
0x00007ff89f611a85:   48 00 8b 4b 0c 83 f9 ff 74 09 e8 c8 0c 00 00 83
0x00007ff89f611a95:   4b 0c ff 48 8b 4b 70 48 85 c9 74 0f ba 10 00 00
0x00007ff89f611aa5:   00 e8 e9 0e 00 00 48 83 63 70 00 48 83 c4 20 5b
0x00007ff89f611ab5:   c3 cc cc 40 53 48 83 ec 20 48 8b d9 48 8d 0d b8
0x00007ff89f611ac5:   47 00 00 e8 97 0c 00 00 83 6b 08 01 75 24 48 8b
0x00007ff89f611ad5:   d3 48 8d 0d 3b 45 00 00 e8 0a 08 00 00 48 8b cb
0x00007ff89f611ae5:   e8 d6 fe ff ff ba 78 00 00 00 48 8b cb e8 9d 0e
0x00007ff89f611af5:   00 00 48 8d 0d 82 47 00 00 48 83 c4 20 5b e9 64
0x00007ff89f611b05:   0c 00 00 48 89 5c 24 08 48 89 74 24 10 57 48 83
0x00007ff89f611b15:   ec 20 41 8b f1 4d 8b c8 48 8b fa 4c 8b d9 4d 85
0x00007ff89f611b25:   c0 74 73 85 f6 74 6f 44 8a 12 48 8d 5a 01 48 8b
0x00007ff89f611b35:   d3 b8 93 01 00 01 eb 12 69 c0 93 01 00 01 41 0f
0x00007ff89f611b45:   b6 ca 44 8a 12 33 c1 48 ff c2 45 84 d2 75 e9 4d
0x00007ff89f611b55:   8b 03 33 d2 0f ba f0 1f 49 8b cb f7 f6 48 63 d2
0x00007ff89f611b65:   41 8b 14 91 41 ff 50 08 85 c0 7e 24 8a 0f eb 10
0x00007ff89f611b75:   69 c0 93 01 00 01 0f b6 c9 33 c1 8a 0b 48 ff c3
0x00007ff89f611b85:   84 c9 75 ec 0f ba f0 1f 33 d2 f7 f6 8b c2 eb 09
0x00007ff89f611b95:   79 04 f7 d0 eb 03 83 c8 ff 48 8b 5c 24 30 48 8b
0x00007ff89f611ba5:   74 24 38 48 83 c4 20 5f c3 cc cc 48 89 5c 24 08
0x00007ff89f611bb5:   48 89 74 24 10 57 48 83 ec 20 48 8b f1 48 8d 0d
0x00007ff89f611bc5:   b7 46 00 00 e8 96 0b 00 00 33 ff 39 3d 42 44 00
0x00007ff89f611bd5:   00 76 24 48 8b 05 41 44 00 00 48 8b d6 48 8b 1c
0x00007ff89f611be5:   f8 48 8b 0b e8 5c 1f 00 00 85 c0 74 2b ff c7 3b
0x00007ff89f611bf5:   3d 1e 44 00 00 72 dc 33 db 48 8d 0d 7b 46 00 00
0x00007ff89f611c05:   e8 62 0b 00 00 48 8b 74 24 38 48 8b c3 48 8b 5c
0x00007ff89f611c15:   24 30 48 83 c4 20 5f c3 ff 43 08 eb dc cc cc 48
0x00007ff89f611c25:   89 5c 24 08 48 89 74 24 10 57 48 83 ec 20 48 8b
0x00007ff89f611c35:   d9 48 8b f2 48 8b 49 10 49 8b f8 8b 53 30 48 8b
0x00007ff89f611c45:   01 ff 50 20 4c 8b 43 50 48 8b d6 48 8b 4b 10 44
0x00007ff89f611c55:   8b c8 e8 ac fe ff ff 83 f8 ff 74 38 48 8b 4b 10 



---------------  P R O C E S S  ---------------

VM state: not at safepoint (not fully initialized)

VM Mutex/Monitor currently owned by a thread: None

CDS archive(s) mapped at: [0x0000000000000000-0x0000000000000000-0x0000000000000000), size 0, SharedBaseAddress: 0x0000000800000000, ArchiveRelocationMode: 1.
Narrow klass base: 0x0000000000000000, Narrow klass shift: 0, Narrow klass range: 0x0

GC Precious Log:
<Not initialized>


Dynamic libraries:
0x00007ff730d30000 - 0x00007ff730d3e000 	d:\DEV26\VSCode-webjava\data\extensions\redhat.java-1.54.2026030408-win32-x64\jre\21.0.10-win32-x86_64\bin\java.exe
0x00007ff8bc6d0000 - 0x00007ff8bc8e8000 	C:\WINDOWS\SYSTEM32\ntdll.dll
0x00007ff8bb9a0000 - 0x00007ff8bba64000 	C:\WINDOWS\System32\KERNEL32.DLL
0x00007ff8b9c90000 - 0x00007ff8ba063000 	C:\WINDOWS\System32\KERNELBASE.dll
0x00007ff8b98a0000 - 0x00007ff8b99b1000 	C:\WINDOWS\System32\ucrtbase.dll
0x00007ff897600000 - 0x00007ff897618000 	d:\DEV26\VSCode-webjava\data\extensions\redhat.java-1.54.2026030408-win32-x64\jre\21.0.10-win32-x86_64\bin\jli.dll
0x00007ff8ba670000 - 0x00007ff8ba822000 	C:\WINDOWS\System32\USER32.dll
0x00007ff8b9be0000 - 0x00007ff8b9c06000 	C:\WINDOWS\System32\win32u.dll
0x00007ff8baec0000 - 0x00007ff8baee9000 	C:\WINDOWS\System32\GDI32.dll
0x00007ff8ba070000 - 0x00007ff8ba18b000 	C:\WINDOWS\System32\gdi32full.dll
0x00007ff8ba2d0000 - 0x00007ff8ba36a000 	C:\WINDOWS\System32\msvcp_win.dll
0x00007ff896460000 - 0x00007ff89647e000 	d:\DEV26\VSCode-webjava\data\extensions\redhat.java-1.54.2026030408-win32-x64\jre\21.0.10-win32-x86_64\bin\VCRUNTIME140.dll
0x00007ff89ebc0000 - 0x00007ff89ee5c000 	C:\WINDOWS\WinSxS\amd64_microsoft.windows.common-controls_6595b64144ccf1df_6.0.22621.6060_none_2712eda17382d24b\COMCTL32.dll
0x00007ff8bb420000 - 0x00007ff8bb4c7000 	C:\WINDOWS\System32\msvcrt.dll
0x00007ff8bb950000 - 0x00007ff8bb981000 	C:\WINDOWS\System32\IMM32.DLL
0x00007ff8a0260000 - 0x00007ff8a026c000 	d:\DEV26\VSCode-webjava\data\extensions\redhat.java-1.54.2026030408-win32-x64\jre\21.0.10-win32-x86_64\bin\vcruntime140_1.dll
0x00007ff857310000 - 0x00007ff85739d000 	d:\DEV26\VSCode-webjava\data\extensions\redhat.java-1.54.2026030408-win32-x64\jre\21.0.10-win32-x86_64\bin\msvcp140.dll
0x00007ff811930000 - 0x00007ff8126d1000 	d:\DEV26\VSCode-webjava\data\extensions\redhat.java-1.54.2026030408-win32-x64\jre\21.0.10-win32-x86_64\bin\server\jvm.dll
0x00007ff8bb240000 - 0x00007ff8bb2f1000 	C:\WINDOWS\System32\ADVAPI32.dll
0x00007ff8bad90000 - 0x00007ff8bae38000 	C:\WINDOWS\System32\sechost.dll
0x00007ff8b99c0000 - 0x00007ff8b99e8000 	C:\WINDOWS\System32\bcrypt.dll
0x00007ff8bb300000 - 0x00007ff8bb418000 	C:\WINDOWS\System32\RPCRT4.dll
0x00007ff8bae40000 - 0x00007ff8baeb1000 	C:\WINDOWS\System32\WS2_32.dll
0x00007ff8b96b0000 - 0x00007ff8b96fd000 	C:\WINDOWS\SYSTEM32\POWRPROF.dll
0x00007ff8b0c70000 - 0x00007ff8b0ca4000 	C:\WINDOWS\SYSTEM32\WINMM.dll
0x00007ff8a9d20000 - 0x00007ff8a9d2a000 	C:\WINDOWS\SYSTEM32\VERSION.dll
0x00007ff8b9690000 - 0x00007ff8b96a3000 	C:\WINDOWS\SYSTEM32\UMPDC.dll
0x00007ff8b87c0000 - 0x00007ff8b87d8000 	C:\WINDOWS\SYSTEM32\kernel.appcore.dll
0x00007ff89f610000 - 0x00007ff89f61a000 	d:\DEV26\VSCode-webjava\data\extensions\redhat.java-1.54.2026030408-win32-x64\jre\21.0.10-win32-x86_64\bin\jimage.dll
0x00007ff8b71a0000 - 0x00007ff8b73d3000 	C:\WINDOWS\SYSTEM32\DBGHELP.DLL
0x00007ff8ba9f0000 - 0x00007ff8bad81000 	C:\WINDOWS\System32\combase.dll
0x00007ff8bc3e0000 - 0x00007ff8bc4b8000 	C:\WINDOWS\System32\OLEAUT32.dll
0x00007ff8a38b0000 - 0x00007ff8a38e2000 	C:\WINDOWS\SYSTEM32\dbgcore.DLL
0x00007ff8b99f0000 - 0x00007ff8b9a6b000 	C:\WINDOWS\System32\bcryptPrimitives.dll

JVMTI agents: none

dbghelp: loaded successfully - version: 4.0.5 - missing functions: none
symbol engine: initialized successfully - sym options: 0x614 - pdb path: .;d:\DEV26\VSCode-webjava\data\extensions\redhat.java-1.54.2026030408-win32-x64\jre\21.0.10-win32-x86_64\bin;C:\WINDOWS\SYSTEM32;C:\WINDOWS\WinSxS\amd64_microsoft.windows.common-controls_6595b64144ccf1df_6.0.22621.6060_none_2712eda17382d24b;d:\DEV26\VSCode-webjava\data\extensions\redhat.java-1.54.2026030408-win32-x64\jre\21.0.10-win32-x86_64\bin\server

VM Arguments:
java_command: <unknown>
java_class_path (initial): <not set>
Launcher Type: SUN_STANDARD

[Global flags]
     bool UseLargePagesIndividualAllocation        = false                                  {pd product} {ergonomic}

Logging:
Log output configuration:
 #0: stdout all=warning uptime,level,tags foldmultilines=false
 #1: stderr all=off uptime,level,tags foldmultilines=false

Release file:
<release file has not been read>
Environment Variables:
JAVA_HOME=C:\DEV26\jdk-21
PATH=C:\DEV26\node-22;C:\DEV26\AppData\npm;C:\DEV26\jdk-21\bin;C:\DEV26\utils\gradle\bin;C:\DEV26\utils\maven\bin;C:\DEV26\utils\ant\bin;C:\DEV26\UtilServeurs\srv\php-8-ts;C:\DEV26\AppData\composer\vendor\bin;C:\WINDOWS\system32;C:\WINDOWS;C:\WINDOWS\System32\Wbem;C:\WINDOWS\System32\WindowsPowerShell\v1.0\;C:\WINDOWS\System32\OpenSSH\;C:\Program Files\Git\cmd;C:\Program Files\Docker\Docker\resources\bin;C:\Users\ASSING ERINNE\AppData\Local\Microsoft\WindowsApps;C:\Users\ASSING ERINNE\AppData\Local\Programs\Microsoft VS Code\bin;C:\Users\ASSING ERINNE\AppData\Local\Python\bin
USERNAME=ASSING ERINNE
OS=Windows_NT
PROCESSOR_IDENTIFIER=Intel64 Family 6 Model 122 Stepping 8, GenuineIntel
TMP=C:\Users\ASSING~1\AppData\Local\Temp
TEMP=C:\Users\ASSING~1\AppData\Local\Temp




Periodic native trim disabled

---------------  S Y S T E M  ---------------

OS:
 Windows 11 , 64 bit Build 22621 (10.0.22621.5415)
OS uptime: 0 days 23:34 hours

CPU: total 4 (initial active 0) 
Processor Information for the first 4 processors :
  Max Mhz: 1101, Current Mhz: 1101, Mhz Limit: 1101

Memory: 4k page, system-wide physical 3908M (51M free)
TotalPageFile size 15684M (AvailPageFile size 3M)
current process WorkingSet (physical memory assigned to process): 8M, peak: 8M
current process commit charge ("private bytes"): 3M, peak: 3M

vm_info: OpenJDK 64-Bit Server VM (21.0.10+7-LTS) for windows-amd64 JRE (21.0.10+7-LTS), built on 2026-01-20T00:00:00Z by "admin" with MS VC++ 17.12 (VS2022)

END.
