#
# There is insufficient memory for the Java Runtime Environment to continue.
# Native memory allocation (malloc) failed to allocate 1229376 bytes. Error detail: Chunk::new
# Possible reasons:
#   The system is out of physical RAM or swap space
#   This process is running with CompressedOops enabled, and the Java Heap may be blocking the growth of the native heap
# Possible solutions:
#   Reduce memory load on the system
#   Increase physical memory or swap space
#   Check if swap backing store is full
#   Decrease Java heap size (-Xmx/-Xms)
#   Decrease number of Java threads
#   Decrease Java thread stack sizes (-Xss)
#   Set larger code cache with -XX:ReservedCodeCacheSize=
#   JVM is running with Unscaled Compressed Oops mode in which the Java heap is
#     placed in the first 4GB address space. The Java Heap base address is the
#     maximum limit for the native heap growth. Please use -XX:HeapBaseMinAddress
#     to set the Java Heap base and to place the Java Heap above 4GB virtual address.
# This output file may be truncated or incomplete.
#
#  Out of Memory Error (arena.cpp:168), pid=33400, tid=31232
#
# JRE version: OpenJDK Runtime Environment Temurin-21.0.10+7 (21.0.10+7) (build 21.0.10+7-LTS)
# Java VM: OpenJDK 64-Bit Server VM Temurin-21.0.10+7 (21.0.10+7-LTS, mixed mode, sharing, tiered, compressed oops, compressed class ptrs, parallel gc, windows-amd64)
# No core dump will be written. Minidumps are not enabled by default on client versions of Windows
#

---------------  S U M M A R Y ------------

Command Line: --add-modules=ALL-SYSTEM --add-opens=java.base/java.util=ALL-UNNAMED --add-opens=java.base/java.lang=ALL-UNNAMED --add-opens=java.base/sun.nio.fs=ALL-UNNAMED -Declipse.application=org.eclipse.jdt.ls.core.id1 -Dosgi.bundles.defaultStartLevel=4 -Declipse.product=org.eclipse.jdt.ls.core.product -Djava.import.generatesMetadataFilesAtProjectRoot=false -DDetectVMInstallationsJob.disabled=true -Dfile.encoding=utf8 -XX:+UseParallelGC -XX:GCTimeRatio=4 -XX:AdaptiveSizePolicyWeight=90 -Dsun.zip.disableMemoryMapping=true -Xmx2G -Xms100m -Xlog:disable -javaagent:d:\DEV26\VSCode-webjava\data\extensions\redhat.java-1.54.2026030508-win32-x64\lombok\lombok-1.18.39-4050.jar -XX:+HeapDumpOnOutOfMemoryError -XX:HeapDumpPath=d:\DEV26\VSCode-webjava\data\user-data\User\workspaceStorage\88cefbc8301cd91e89c4b5cff52c72db\redhat.java -Daether.dependencyCollector.impl=bf -XX:+UnlockDiagnosticVMOptions -XX:+AllowArchivingWithJavaAgent -XX:+AutoCreateSharedArchive -XX:SharedArchiveFile=d:\DEV26\VSCode-webjava\data\user-data\User\globalStorage\redhat.java\1.54.2026030508\jdtls.jsa d:\DEV26\VSCode-webjava\data\extensions\redhat.java-1.54.2026030508-win32-x64\server\plugins\org.eclipse.equinox.launcher_1.7.100.v20251111-0406.jar -configuration d:\DEV26\VSCode-webjava\data\user-data\User\globalStorage\redhat.java\1.54.2026030508\config_win -data d:\DEV26\VSCode-webjava\data\user-data\User\workspaceStorage\88cefbc8301cd91e89c4b5cff52c72db\redhat.java\jdt_ws --pipe=\\.\pipe\lsp-822deb985e2fee7df0ba6045dadb6d81-sock

Host: Intel(R) Pentium(R) Silver N5030 CPU @ 1.10GHz, 4 cores, 3G,  Windows 11 , 64 bit Build 22621 (10.0.22621.5415)
Time: Tue Mar 10 21:42:50 2026 Paris, Madrid elapsed time: 122.442558 seconds (0d 0h 2m 2s)

---------------  T H R E A D  ---------------

Current thread (0x000001c1327e9f50):  JavaThread "C2 CompilerThread0" daemon [_thread_in_native, id=31232, stack(0x00000044f7200000,0x00000044f7300000) (1024K)]


Current CompileTask:
C2:122444 5012       4       org.eclipse.osgi.internal.serviceregistry.ServiceRegistry::notifyHooksPrivileged (57 bytes)

Stack: [0x00000044f7200000,0x00000044f7300000]
Native frames: (J=compiled Java code, j=interpreted, Vv=VM code, C=native code)
V  [jvm.dll+0x6d7a39]
V  [jvm.dll+0x8b4b26]
V  [jvm.dll+0x8b70de]
V  [jvm.dll+0x8b77c3]
V  [jvm.dll+0x284346]
V  [jvm.dll+0xc66ed]
V  [jvm.dll+0xc6c31]
V  [jvm.dll+0x3bec3b]
V  [jvm.dll+0x38b162]
V  [jvm.dll+0x38a5aa]
V  [jvm.dll+0x24c560]
V  [jvm.dll+0x24bb40]
V  [jvm.dll+0x1cb34e]
V  [jvm.dll+0x25b85d]
V  [jvm.dll+0x259dea]
V  [jvm.dll+0x3f857e]
V  [jvm.dll+0x85f59d]
V  [jvm.dll+0x6d626d]
C  [ucrtbase.dll+0x29333]
C  [KERNEL32.DLL+0x1259d]
C  [ntdll.dll+0x5af78]


---------------  P R O C E S S  ---------------

Threads class SMR info:
_java_thread_list=0x000001c179b79f70, length=23, elements={
0x000001c119b20cf0, 0x000001c1327e5400, 0x000001c11be8dee0, 0x000001c1327e5fd0,
0x000001c1327e6b90, 0x000001c1327e8760, 0x000001c1327e91c0, 0x000001c1327e9f50,
0x000001c13285a500, 0x000001c1745f3850, 0x000001c1746eb810, 0x000001c174684350,
0x000001c1793ae9b0, 0x000001c1793af020, 0x000001c179812b00, 0x000001c1799b48a0,
0x000001c17994ec40, 0x000001c17994f2d0, 0x000001c179951a30, 0x000001c1799513a0,
0x000001c17994f960, 0x000001c17994e5b0, 0x000001c17994fff0
}

Java Threads: ( => current thread )
  0x000001c119b20cf0 JavaThread "main"                              [_thread_blocked, id=16008, stack(0x00000044f6800000,0x00000044f6900000) (1024K)]
  0x000001c1327e5400 JavaThread "Reference Handler"          daemon [_thread_blocked, id=28892, stack(0x00000044f6c00000,0x00000044f6d00000) (1024K)]
  0x000001c11be8dee0 JavaThread "Finalizer"                  daemon [_thread_blocked, id=38644, stack(0x00000044f6d00000,0x00000044f6e00000) (1024K)]
  0x000001c1327e5fd0 JavaThread "Signal Dispatcher"          daemon [_thread_blocked, id=37044, stack(0x00000044f6e00000,0x00000044f6f00000) (1024K)]
  0x000001c1327e6b90 JavaThread "Attach Listener"            daemon [_thread_blocked, id=36668, stack(0x00000044f6f00000,0x00000044f7000000) (1024K)]
  0x000001c1327e8760 JavaThread "Service Thread"             daemon [_thread_blocked, id=23396, stack(0x00000044f7000000,0x00000044f7100000) (1024K)]
  0x000001c1327e91c0 JavaThread "Monitor Deflation Thread"   daemon [_thread_blocked, id=14296, stack(0x00000044f7100000,0x00000044f7200000) (1024K)]
=>0x000001c1327e9f50 JavaThread "C2 CompilerThread0"         daemon [_thread_in_native, id=31232, stack(0x00000044f7200000,0x00000044f7300000) (1024K)]
  0x000001c13285a500 JavaThread "C1 CompilerThread0"         daemon [_thread_blocked, id=28812, stack(0x00000044f7300000,0x00000044f7400000) (1024K)]
  0x000001c1745f3850 JavaThread "Common-Cleaner"             daemon [_thread_blocked, id=32168, stack(0x00000044f7400000,0x00000044f7500000) (1024K)]
  0x000001c1746eb810 JavaThread "Notification Thread"        daemon [_thread_blocked, id=31960, stack(0x00000044f7500000,0x00000044f7600000) (1024K)]
  0x000001c174684350 JavaThread "Active Thread: Equinox Container: d261653b-c7f8-47d6-b1ae-80c75f8d1879"        [_thread_blocked, id=16020, stack(0x00000044f7d00000,0x00000044f7e00000) (1024K)]
  0x000001c1793ae9b0 JavaThread "Framework Event Dispatcher: Equinox Container: d261653b-c7f8-47d6-b1ae-80c75f8d1879" daemon [_thread_blocked, id=32220, stack(0x00000044f7e00000,0x00000044f7f00000) (1024K)]
  0x000001c1793af020 JavaThread "Start Level: Equinox Container: d261653b-c7f8-47d6-b1ae-80c75f8d1879" daemon [_thread_in_vm, id=34868, stack(0x00000044f7f00000,0x00000044f8000000) (1024K)]
  0x000001c179812b00 JavaThread "Bundle File Closer"         daemon [_thread_blocked, id=8108, stack(0x00000044f7900000,0x00000044f7a00000) (1024K)]
  0x000001c1799b48a0 JavaThread "Refresh Thread: Equinox Container: d261653b-c7f8-47d6-b1ae-80c75f8d1879" daemon [_thread_blocked, id=37732, stack(0x00000044f7a00000,0x00000044f7b00000) (1024K)]
  0x000001c17994ec40 JavaThread "SCR Component Actor"        daemon [_thread_blocked, id=9644, stack(0x00000044f6600000,0x00000044f6700000) (1024K)]
  0x000001c17994f2d0 JavaThread "Worker-JM"                         [_thread_blocked, id=37880, stack(0x00000044f6500000,0x00000044f6600000) (1024K)]
  0x000001c179951a30 JavaThread "JNA Cleaner"                daemon [_thread_blocked, id=27828, stack(0x00000044f7b00000,0x00000044f7c00000) (1024K)]
  0x000001c1799513a0 JavaThread "Worker-0: Updating Maven Dependencies"        [_thread_blocked, id=29600, stack(0x00000044f7c00000,0x00000044f7d00000) (1024K)]
  0x000001c17994f960 JavaThread "Worker-1"                          [_thread_blocked, id=32648, stack(0x00000044f8000000,0x00000044f8100000) (1024K)]
  0x000001c17994e5b0 JavaThread "Worker-2: Repository registry initialization"        [_thread_in_native, id=23596, stack(0x00000044f8100000,0x00000044f8200000) (1024K)]
  0x000001c17994fff0 JavaThread "Worker-3: Building"                [_thread_blocked, id=20684, stack(0x00000044f8200000,0x00000044f8300000) (1024K)]
Total: 23

Other Threads:
  0x000001c119bda880 VMThread "VM Thread"                           [id=36784, stack(0x00000044f6b00000,0x00000044f6c00000) (1024K)]
  0x000001c11be4a9a0 WatcherThread "VM Periodic Task Thread"        [id=22544, stack(0x00000044f6a00000,0x00000044f6b00000) (1024K)]
  0x000001c11bdfd620 WorkerThread "GC Thread#0"                     [id=24440, stack(0x00000044f6900000,0x00000044f6a00000) (1024K)]
  0x000001c179022bb0 WorkerThread "GC Thread#1"                     [id=31472, stack(0x00000044f7600000,0x00000044f7700000) (1024K)]
  0x000001c1793495b0 WorkerThread "GC Thread#2"                     [id=38488, stack(0x00000044f7700000,0x00000044f7800000) (1024K)]
  0x000001c179349960 WorkerThread "GC Thread#3"                     [id=35712, stack(0x00000044f7800000,0x00000044f7900000) (1024K)]
Total: 6

Threads with active compile tasks:
C2 CompilerThread0  122637 5012       4       org.eclipse.osgi.internal.serviceregistry.ServiceRegistry::notifyHooksPrivileged (57 bytes)
Total: 1

VM state: not at safepoint (normal execution)

VM Mutex/Monitor currently owned by a thread: None

Heap address: 0x0000000080000000, size: 2048 MB, Compressed Oops mode: 32-bit

CDS archive(s) mapped at: [0x000001c133000000-0x000001c133ba0000-0x000001c133ba0000), size 12189696, SharedBaseAddress: 0x000001c133000000, ArchiveRelocationMode: 1.
Compressed class space mapped at: 0x000001c134000000-0x000001c174000000, reserved size: 1073741824
Narrow klass base: 0x000001c133000000, Narrow klass shift: 0, Narrow klass range: 0x100000000

GC Precious Log:
 CardTable entry size: 512
 CPUs: 4 total, 4 available
 Memory: 3908M
 Large Page Support: Disabled
 NUMA Support: Disabled
 Compressed Oops: Enabled (32-bit)
 Alignments: Space 512K, Generation 512K, Heap 2M
 Heap Min Capacity: 100M
 Heap Initial Capacity: 100M
 Heap Max Capacity: 2G
 Pre-touch: Disabled
 Parallel Workers: 4

Heap:
 PSYoungGen      total 23552K, used 5633K [0x00000000d5580000, 0x00000000d7200000, 0x0000000100000000)
  eden space 22016K, 18% used [0x00000000d5580000,0x00000000d59824d8,0x00000000d6b00000)
  from space 1536K, 99% used [0x00000000d7080000,0x00000000d71fe0c0,0x00000000d7200000)
  to   space 3584K, 0% used [0x00000000d6b00000,0x00000000d6b00000,0x00000000d6e80000)
 ParOldGen       total 68608K, used 16646K [0x0000000080000000, 0x0000000084300000, 0x00000000d5580000)
  object space 68608K, 24% used [0x0000000080000000,0x00000000810419b8,0x0000000084300000)
 Metaspace       used 32548K, committed 33536K, reserved 1114112K
  class space    used 3019K, committed 3456K, reserved 1048576K

Card table byte_map: [0x000001c11b770000,0x000001c11bb80000] _byte_map_base: 0x000001c11b370000

Marking Bits: (ParMarkBitMap*) 0x00007ffff2ae3450
 Begin Bits: [0x000001c12e280000, 0x000001c130280000)
 End Bits:   [0x000001c130280000, 0x000001c132280000)

Polling page: 0x000001c119c50000

Metaspace:

Usage:
  Non-class:     28.84 MB used.
      Class:      2.95 MB used.
       Both:     31.79 MB used.

Virtual space:
  Non-class space:       64.00 MB reserved,      29.38 MB ( 46%) committed,  1 nodes.
      Class space:        1.00 GB reserved,       3.38 MB ( <1%) committed,  1 nodes.
             Both:        1.06 GB reserved,      32.75 MB (  3%) committed. 

Chunk freelists:
   Non-Class:  2.30 MB
       Class:  12.61 MB
        Both:  14.90 MB

MaxMetaspaceSize: unlimited
CompressedClassSpaceSize: 1.00 GB
Initial GC threshold: 21.00 MB
Current GC threshold: 35.00 MB
CDS: on
 - commit_granule_bytes: 65536.
 - commit_granule_words: 8192.
 - virtual_space_node_default_size: 8388608.
 - enlarge_chunks_in_place: 1.
 - use_allocation_guard: 0.


Internal statistics:

num_allocs_failed_limit: 3.
num_arena_births: 722.
num_arena_deaths: 14.
num_vsnodes_births: 2.
num_vsnodes_deaths: 0.
num_space_committed: 524.
num_space_uncommitted: 0.
num_chunks_returned_to_freelist: 17.
num_chunks_taken_from_freelist: 2028.
num_chunk_merges: 7.
num_chunk_splits: 1328.
num_chunks_enlarged: 823.
num_inconsistent_stats: 0.

CodeHeap 'non-profiled nmethods': size=120000Kb used=2744Kb max_used=2744Kb free=117255Kb
 bounds [0x000001c126aa0000, 0x000001c126d50000, 0x000001c12dfd0000]
CodeHeap 'profiled nmethods': size=120000Kb used=10875Kb max_used=10875Kb free=109124Kb
 bounds [0x000001c11efd0000, 0x000001c11fa70000, 0x000001c126500000]
CodeHeap 'non-nmethods': size=5760Kb used=1333Kb max_used=1351Kb free=4426Kb
 bounds [0x000001c126500000, 0x000001c126770000, 0x000001c126aa0000]
CodeCache: size=245760Kb, used=14952Kb, max_used=14970Kb, free=230805Kb
 total_blobs=5648, nmethods=5021, adapters=534, full_count=0
Compilation: enabled, stopped_count=0, restarted_count=0

Compilation events (20 events):
Event: 121.665 Thread 0x000001c13285a500 nmethod 5007 0x000001c11fa57110 code [0x000001c11fa574e0, 0x000001c11fa58e28]
Event: 121.665 Thread 0x000001c13285a500 5008       3       java.util.StringJoiner::add (110 bytes)
Event: 121.667 Thread 0x000001c13285a500 nmethod 5008 0x000001c11fa59510 code [0x000001c11fa59760, 0x000001c11fa5a128]
Event: 121.668 Thread 0x000001c13285a500 5009       3       java.lang.Character::isJavaIdentifierPart (9 bytes)
Event: 121.669 Thread 0x000001c13285a500 nmethod 5009 0x000001c11fa5a510 code [0x000001c11fa5a6c0, 0x000001c11fa5a8b8]
Event: 121.669 Thread 0x000001c13285a500 5010       3       java.lang.CharacterDataLatin1::isJavaIdentifierPart (20 bytes)
Event: 121.669 Thread 0x000001c13285a500 nmethod 5010 0x000001c11fa5a990 code [0x000001c11fa5ab40, 0x000001c11fa5ad48]
Event: 121.718 Thread 0x000001c13285a500 5011       3       java.lang.Class::privateGetDeclaredMethods (64 bytes)
Event: 121.719 Thread 0x000001c13285a500 nmethod 5011 0x000001c11fa5ae90 code [0x000001c11fa5b0c0, 0x000001c11fa5b7f0]
Event: 121.730 Thread 0x000001c1327e9f50 5012       4       org.eclipse.osgi.internal.serviceregistry.ServiceRegistry::notifyHooksPrivileged (57 bytes)
Event: 121.969 Thread 0x000001c13285a500 5014       3       org.lombokweb.asm.SymbolTable::<init> (554 bytes)
Event: 121.973 Thread 0x000001c13285a500 nmethod 5014 0x000001c11fa5ba10 code [0x000001c11fa5bfe0, 0x000001c11fa5e918]
Event: 121.975 Thread 0x000001c13285a500 5015       3       java.util.regex.Matcher::getSubSequence (12 bytes)
Event: 121.975 Thread 0x000001c13285a500 nmethod 5015 0x000001c11fa5fb10 code [0x000001c11fa5fcc0, 0x000001c11fa5fe98]
Event: 121.975 Thread 0x000001c13285a500 5016       3       org.lombokweb.asm.MethodWriter::visitFrame (811 bytes)
Event: 121.979 Thread 0x000001c13285a500 nmethod 5016 0x000001c11fa5ff90 code [0x000001c11fa604e0, 0x000001c11fa62750]
Event: 121.979 Thread 0x000001c13285a500 5017       3       org.lombokweb.asm.ClassReader::readStackMapFrame (535 bytes)
Event: 121.981 Thread 0x000001c13285a500 nmethod 5017 0x000001c11fa63690 code [0x000001c11fa63940, 0x000001c11fa64910]
Event: 121.991 Thread 0x000001c13285a500 5019       3       org.lombokweb.asm.SymbolTable::hash (14 bytes)
Event: 121.992 Thread 0x000001c13285a500 nmethod 5019 0x000001c11fa64f10 code [0x000001c11fa650a0, 0x000001c11fa651a8]

GC Heap History (20 events):
Event: 36.421 GC heap before
{Heap before GC invocations=4 (full 0):
 PSYoungGen      total 29696K, used 29685K [0x00000000d5580000, 0x00000000d7680000, 0x0000000100000000)
  eden space 25600K, 100% used [0x00000000d5580000,0x00000000d6e80000,0x00000000d6e80000)
  from space 4096K, 99% used [0x00000000d6e80000,0x00000000d727d6e0,0x00000000d7280000)
  to   space 4096K, 0% used [0x00000000d7280000,0x00000000d7280000,0x00000000d7680000)
 ParOldGen       total 68608K, used 4291K [0x0000000080000000, 0x0000000084300000, 0x00000000d5580000)
  object space 68608K, 6% used [0x0000000080000000,0x0000000080430c90,0x0000000084300000)
 Metaspace       used 11220K, committed 11584K, reserved 1114112K
  class space    used 1064K, committed 1216K, reserved 1048576K
}
Event: 36.431 GC heap after
{Heap after GC invocations=4 (full 0):
 PSYoungGen      total 29696K, used 4067K [0x00000000d5580000, 0x00000000d7680000, 0x0000000100000000)
  eden space 25600K, 0% used [0x00000000d5580000,0x00000000d5580000,0x00000000d6e80000)
  from space 4096K, 99% used [0x00000000d7280000,0x00000000d7678c00,0x00000000d7680000)
  to   space 4096K, 0% used [0x00000000d6e80000,0x00000000d6e80000,0x00000000d7280000)
 ParOldGen       total 68608K, used 5438K [0x0000000080000000, 0x0000000084300000, 0x00000000d5580000)
  object space 68608K, 7% used [0x0000000080000000,0x000000008054fa60,0x0000000084300000)
 Metaspace       used 11220K, committed 11584K, reserved 1114112K
  class space    used 1064K, committed 1216K, reserved 1048576K
}
Event: 69.628 GC heap before
{Heap before GC invocations=5 (full 0):
 PSYoungGen      total 29696K, used 29404K [0x00000000d5580000, 0x00000000d7680000, 0x0000000100000000)
  eden space 25600K, 98% used [0x00000000d5580000,0x00000000d6e3e6c8,0x00000000d6e80000)
  from space 4096K, 99% used [0x00000000d7280000,0x00000000d7678c00,0x00000000d7680000)
  to   space 4096K, 0% used [0x00000000d6e80000,0x00000000d6e80000,0x00000000d7280000)
 ParOldGen       total 68608K, used 5438K [0x0000000080000000, 0x0000000084300000, 0x00000000d5580000)
  object space 68608K, 7% used [0x0000000080000000,0x000000008054fa60,0x0000000084300000)
 Metaspace       used 11745K, committed 12096K, reserved 1114112K
  class space    used 1089K, committed 1216K, reserved 1048576K
}
Event: 70.157 GC heap after
{Heap after GC invocations=5 (full 0):
 PSYoungGen      total 29184K, used 4076K [0x00000000d5580000, 0x00000000d7900000, 0x0000000100000000)
  eden space 25088K, 0% used [0x00000000d5580000,0x00000000d5580000,0x00000000d6e00000)
  from space 4096K, 99% used [0x00000000d6e80000,0x00000000d727b258,0x00000000d7280000)
  to   space 5632K, 0% used [0x00000000d7380000,0x00000000d7380000,0x00000000d7900000)
 ParOldGen       total 68608K, used 6435K [0x0000000080000000, 0x0000000084300000, 0x00000000d5580000)
  object space 68608K, 9% used [0x0000000080000000,0x0000000080648da0,0x0000000084300000)
 Metaspace       used 11745K, committed 12096K, reserved 1114112K
  class space    used 1089K, committed 1216K, reserved 1048576K
}
Event: 89.713 GC heap before
{Heap before GC invocations=6 (full 0):
 PSYoungGen      total 29184K, used 29164K [0x00000000d5580000, 0x00000000d7900000, 0x0000000100000000)
  eden space 25088K, 100% used [0x00000000d5580000,0x00000000d6e00000,0x00000000d6e00000)
  from space 4096K, 99% used [0x00000000d6e80000,0x00000000d727b258,0x00000000d7280000)
  to   space 5632K, 0% used [0x00000000d7380000,0x00000000d7380000,0x00000000d7900000)
 ParOldGen       total 68608K, used 6435K [0x0000000080000000, 0x0000000084300000, 0x00000000d5580000)
  object space 68608K, 9% used [0x0000000080000000,0x0000000080648da0,0x0000000084300000)
 Metaspace       used 15493K, committed 16000K, reserved 1114112K
  class space    used 1436K, committed 1664K, reserved 1048576K
}
Event: 89.740 GC heap after
{Heap after GC invocations=6 (full 0):
 PSYoungGen      total 30208K, used 5148K [0x00000000d5580000, 0x00000000d7900000, 0x0000000100000000)
  eden space 24576K, 0% used [0x00000000d5580000,0x00000000d5580000,0x00000000d6d80000)
  from space 5632K, 91% used [0x00000000d7380000,0x00000000d78873c0,0x00000000d7900000)
  to   space 5632K, 0% used [0x00000000d6e00000,0x00000000d6e00000,0x00000000d7380000)
 ParOldGen       total 68608K, used 6443K [0x0000000080000000, 0x0000000084300000, 0x00000000d5580000)
  object space 68608K, 9% used [0x0000000080000000,0x000000008064ada0,0x0000000084300000)
 Metaspace       used 15493K, committed 16000K, reserved 1114112K
  class space    used 1436K, committed 1664K, reserved 1048576K
}
Event: 98.731 GC heap before
{Heap before GC invocations=7 (full 0):
 PSYoungGen      total 30208K, used 29724K [0x00000000d5580000, 0x00000000d7900000, 0x0000000100000000)
  eden space 24576K, 100% used [0x00000000d5580000,0x00000000d6d80000,0x00000000d6d80000)
  from space 5632K, 91% used [0x00000000d7380000,0x00000000d78873c0,0x00000000d7900000)
  to   space 5632K, 0% used [0x00000000d6e00000,0x00000000d6e00000,0x00000000d7380000)
 ParOldGen       total 68608K, used 6443K [0x0000000080000000, 0x0000000084300000, 0x00000000d5580000)
  object space 68608K, 9% used [0x0000000080000000,0x000000008064ada0,0x0000000084300000)
 Metaspace       used 19505K, committed 20160K, reserved 1114112K
  class space    used 1778K, committed 2112K, reserved 1048576K
}
Event: 98.776 GC heap after
{Heap after GC invocations=7 (full 0):
 PSYoungGen      total 29696K, used 5624K [0x00000000d5580000, 0x00000000d7b00000, 0x0000000100000000)
  eden space 24064K, 0% used [0x00000000d5580000,0x00000000d5580000,0x00000000d6d00000)
  from space 5632K, 99% used [0x00000000d6e00000,0x00000000d737e280,0x00000000d7380000)
  to   space 7168K, 0% used [0x00000000d7400000,0x00000000d7400000,0x00000000d7b00000)
 ParOldGen       total 68608K, used 7565K [0x0000000080000000, 0x0000000084300000, 0x00000000d5580000)
  object space 68608K, 11% used [0x0000000080000000,0x0000000080763520,0x0000000084300000)
 Metaspace       used 19505K, committed 20160K, reserved 1114112K
  class space    used 1778K, committed 2112K, reserved 1048576K
}
Event: 108.296 GC heap before
{Heap before GC invocations=8 (full 0):
 PSYoungGen      total 29696K, used 14373K [0x00000000d5580000, 0x00000000d7b00000, 0x0000000100000000)
  eden space 24064K, 36% used [0x00000000d5580000,0x00000000d5e0b2a8,0x00000000d6d00000)
  from space 5632K, 99% used [0x00000000d6e00000,0x00000000d737e280,0x00000000d7380000)
  to   space 7168K, 0% used [0x00000000d7400000,0x00000000d7400000,0x00000000d7b00000)
 ParOldGen       total 68608K, used 7565K [0x0000000080000000, 0x0000000084300000, 0x00000000d5580000)
  object space 68608K, 11% used [0x0000000080000000,0x0000000080763520,0x0000000084300000)
 Metaspace       used 20887K, committed 21504K, reserved 1114112K
  class space    used 1936K, committed 2240K, reserved 1048576K
}
Event: 108.307 GC heap after
{Heap after GC invocations=8 (full 0):
 PSYoungGen      total 29696K, used 5360K [0x00000000d5580000, 0x00000000d7980000, 0x0000000100000000)
  eden space 24064K, 0% used [0x00000000d5580000,0x00000000d5580000,0x00000000d6d00000)
  from space 5632K, 95% used [0x00000000d7400000,0x00000000d793c1a0,0x00000000d7980000)
  to   space 6144K, 0% used [0x00000000d6d80000,0x00000000d6d80000,0x00000000d7380000)
 ParOldGen       total 68608K, used 8187K [0x0000000080000000, 0x0000000084300000, 0x00000000d5580000)
  object space 68608K, 11% used [0x0000000080000000,0x00000000807fef88,0x0000000084300000)
 Metaspace       used 20887K, committed 21504K, reserved 1114112K
  class space    used 1936K, committed 2240K, reserved 1048576K
}
Event: 108.308 GC heap before
{Heap before GC invocations=9 (full 1):
 PSYoungGen      total 29696K, used 5360K [0x00000000d5580000, 0x00000000d7980000, 0x0000000100000000)
  eden space 24064K, 0% used [0x00000000d5580000,0x00000000d5580000,0x00000000d6d00000)
  from space 5632K, 95% used [0x00000000d7400000,0x00000000d793c1a0,0x00000000d7980000)
  to   space 6144K, 0% used [0x00000000d6d80000,0x00000000d6d80000,0x00000000d7380000)
 ParOldGen       total 68608K, used 8187K [0x0000000080000000, 0x0000000084300000, 0x00000000d5580000)
  object space 68608K, 11% used [0x0000000080000000,0x00000000807fef88,0x0000000084300000)
 Metaspace       used 20887K, committed 21504K, reserved 1114112K
  class space    used 1936K, committed 2240K, reserved 1048576K
}
Event: 108.714 GC heap after
{Heap after GC invocations=9 (full 1):
 PSYoungGen      total 29696K, used 0K [0x00000000d5580000, 0x00000000d7980000, 0x0000000100000000)
  eden space 24064K, 0% used [0x00000000d5580000,0x00000000d5580000,0x00000000d6d00000)
  from space 5632K, 0% used [0x00000000d7400000,0x00000000d7400000,0x00000000d7980000)
  to   space 6144K, 0% used [0x00000000d6d80000,0x00000000d6d80000,0x00000000d7380000)
 ParOldGen       total 68608K, used 13039K [0x0000000080000000, 0x0000000084300000, 0x00000000d5580000)
  object space 68608K, 19% used [0x0000000080000000,0x0000000080cbbec8,0x0000000084300000)
 Metaspace       used 20872K, committed 21504K, reserved 1114112K
  class space    used 1932K, committed 2240K, reserved 1048576K
}
Event: 115.859 GC heap before
{Heap before GC invocations=10 (full 1):
 PSYoungGen      total 29696K, used 24064K [0x00000000d5580000, 0x00000000d7980000, 0x0000000100000000)
  eden space 24064K, 100% used [0x00000000d5580000,0x00000000d6d00000,0x00000000d6d00000)
  from space 5632K, 0% used [0x00000000d7400000,0x00000000d7400000,0x00000000d7980000)
  to   space 6144K, 0% used [0x00000000d6d80000,0x00000000d6d80000,0x00000000d7380000)
 ParOldGen       total 68608K, used 13039K [0x0000000080000000, 0x0000000084300000, 0x00000000d5580000)
  object space 68608K, 19% used [0x0000000080000000,0x0000000080cbbec8,0x0000000084300000)
 Metaspace       used 22792K, committed 23616K, reserved 1114112K
  class space    used 2127K, committed 2496K, reserved 1048576K
}
Event: 115.868 GC heap after
{Heap after GC invocations=10 (full 1):
 PSYoungGen      total 25088K, used 1356K [0x00000000d5580000, 0x00000000d7480000, 0x0000000100000000)
  eden space 23552K, 0% used [0x00000000d5580000,0x00000000d5580000,0x00000000d6c80000)
  from space 1536K, 88% used [0x00000000d6d80000,0x00000000d6ed32e0,0x00000000d6f00000)
  to   space 3072K, 0% used [0x00000000d7180000,0x00000000d7180000,0x00000000d7480000)
 ParOldGen       total 68608K, used 13047K [0x0000000080000000, 0x0000000084300000, 0x00000000d5580000)
  object space 68608K, 19% used [0x0000000080000000,0x0000000080cbdec8,0x0000000084300000)
 Metaspace       used 22792K, committed 23616K, reserved 1114112K
  class space    used 2127K, committed 2496K, reserved 1048576K
}
Event: 119.311 GC heap before
{Heap before GC invocations=11 (full 1):
 PSYoungGen      total 25088K, used 24677K [0x00000000d5580000, 0x00000000d7480000, 0x0000000100000000)
  eden space 23552K, 99% used [0x00000000d5580000,0x00000000d6c46220,0x00000000d6c80000)
  from space 1536K, 88% used [0x00000000d6d80000,0x00000000d6ed32e0,0x00000000d6f00000)
  to   space 3072K, 0% used [0x00000000d7180000,0x00000000d7180000,0x00000000d7480000)
 ParOldGen       total 68608K, used 13047K [0x0000000080000000, 0x0000000084300000, 0x00000000d5580000)
  object space 68608K, 19% used [0x0000000080000000,0x0000000080cbdec8,0x0000000084300000)
 Metaspace       used 26357K, committed 27200K, reserved 1114112K
  class space    used 2460K, committed 2816K, reserved 1048576K
}
Event: 119.314 GC heap after
{Heap after GC invocations=11 (full 1):
 PSYoungGen      total 26112K, used 3053K [0x00000000d5580000, 0x00000000d7480000, 0x0000000100000000)
  eden space 23040K, 0% used [0x00000000d5580000,0x00000000d5580000,0x00000000d6c00000)
  from space 3072K, 99% used [0x00000000d7180000,0x00000000d747b418,0x00000000d7480000)
  to   space 3584K, 0% used [0x00000000d6d80000,0x00000000d6d80000,0x00000000d7100000)
 ParOldGen       total 68608K, used 13087K [0x0000000080000000, 0x0000000084300000, 0x00000000d5580000)
  object space 68608K, 19% used [0x0000000080000000,0x0000000080cc7ec8,0x0000000084300000)
 Metaspace       used 26357K, committed 27200K, reserved 1114112K
  class space    used 2460K, committed 2816K, reserved 1048576K
}
Event: 120.594 GC heap before
{Heap before GC invocations=12 (full 1):
 PSYoungGen      total 26112K, used 26093K [0x00000000d5580000, 0x00000000d7480000, 0x0000000100000000)
  eden space 23040K, 100% used [0x00000000d5580000,0x00000000d6c00000,0x00000000d6c00000)
  from space 3072K, 99% used [0x00000000d7180000,0x00000000d747b418,0x00000000d7480000)
  to   space 3584K, 0% used [0x00000000d6d80000,0x00000000d6d80000,0x00000000d7100000)
 ParOldGen       total 68608K, used 13087K [0x0000000080000000, 0x0000000084300000, 0x00000000d5580000)
  object space 68608K, 19% used [0x0000000080000000,0x0000000080cc7ec8,0x0000000084300000)
 Metaspace       used 28761K, committed 29696K, reserved 1114112K
  class space    used 2637K, committed 3072K, reserved 1048576K
}
Event: 120.601 GC heap after
{Heap after GC invocations=12 (full 1):
 PSYoungGen      total 23040K, used 224K [0x00000000d5580000, 0x00000000d7200000, 0x0000000100000000)
  eden space 22528K, 0% used [0x00000000d5580000,0x00000000d5580000,0x00000000d6b80000)
  from space 512K, 43% used [0x00000000d6d80000,0x00000000d6db8000,0x00000000d6e00000)
  to   space 1536K, 0% used [0x00000000d7080000,0x00000000d7080000,0x00000000d7200000)
 ParOldGen       total 68608K, used 15497K [0x0000000080000000, 0x0000000084300000, 0x00000000d5580000)
  object space 68608K, 22% used [0x0000000080000000,0x0000000080f227e8,0x0000000084300000)
 Metaspace       used 28761K, committed 29696K, reserved 1114112K
  class space    used 2637K, committed 3072K, reserved 1048576K
}
Event: 121.996 GC heap before
{Heap before GC invocations=13 (full 1):
 PSYoungGen      total 23040K, used 22566K [0x00000000d5580000, 0x00000000d7200000, 0x0000000100000000)
  eden space 22528K, 99% used [0x00000000d5580000,0x00000000d6b51bd8,0x00000000d6b80000)
  from space 512K, 43% used [0x00000000d6d80000,0x00000000d6db8000,0x00000000d6e00000)
  to   space 1536K, 0% used [0x00000000d7080000,0x00000000d7080000,0x00000000d7200000)
 ParOldGen       total 68608K, used 15497K [0x0000000080000000, 0x0000000084300000, 0x00000000d5580000)
  object space 68608K, 22% used [0x0000000080000000,0x0000000080f227e8,0x0000000084300000)
 Metaspace       used 31697K, committed 32576K, reserved 1114112K
  class space    used 2947K, committed 3328K, reserved 1048576K
}
Event: 122.001 GC heap after
{Heap after GC invocations=13 (full 1):
 PSYoungGen      total 23552K, used 1528K [0x00000000d5580000, 0x00000000d7200000, 0x0000000100000000)
  eden space 22016K, 0% used [0x00000000d5580000,0x00000000d5580000,0x00000000d6b00000)
  from space 1536K, 99% used [0x00000000d7080000,0x00000000d71fe0c0,0x00000000d7200000)
  to   space 3584K, 0% used [0x00000000d6b00000,0x00000000d6b00000,0x00000000d6e80000)
 ParOldGen       total 68608K, used 16646K [0x0000000080000000, 0x0000000084300000, 0x00000000d5580000)
  object space 68608K, 24% used [0x0000000080000000,0x00000000810419b8,0x0000000084300000)
 Metaspace       used 31697K, committed 32576K, reserved 1114112K
  class space    used 2947K, committed 3328K, reserved 1048576K
}

Dll operation events (10 events):
Event: 0.577 Loaded shared library d:\DEV26\VSCode-webjava\data\extensions\redhat.java-1.54.2026030508-win32-x64\jre\21.0.10-win32-x86_64\bin\java.dll
Event: 1.374 Loaded shared library d:\DEV26\VSCode-webjava\data\extensions\redhat.java-1.54.2026030508-win32-x64\jre\21.0.10-win32-x86_64\bin\zip.dll
Event: 2.881 Loaded shared library D:\DEV26\VSCode-webjava\data\extensions\redhat.java-1.54.2026030508-win32-x64\jre\21.0.10-win32-x86_64\bin\instrument.dll
Event: 2.943 Loaded shared library D:\DEV26\VSCode-webjava\data\extensions\redhat.java-1.54.2026030508-win32-x64\jre\21.0.10-win32-x86_64\bin\net.dll
Event: 2.958 Loaded shared library D:\DEV26\VSCode-webjava\data\extensions\redhat.java-1.54.2026030508-win32-x64\jre\21.0.10-win32-x86_64\bin\nio.dll
Event: 2.972 Loaded shared library D:\DEV26\VSCode-webjava\data\extensions\redhat.java-1.54.2026030508-win32-x64\jre\21.0.10-win32-x86_64\bin\zip.dll
Event: 3.133 Loaded shared library D:\DEV26\VSCode-webjava\data\extensions\redhat.java-1.54.2026030508-win32-x64\jre\21.0.10-win32-x86_64\bin\jimage.dll
Event: 3.678 Loaded shared library d:\DEV26\VSCode-webjava\data\extensions\redhat.java-1.54.2026030508-win32-x64\jre\21.0.10-win32-x86_64\bin\verify.dll
Event: 34.038 Loaded shared library D:\DEV26\VSCode-webjava\data\user-data\User\globalStorage\redhat.java\1.54.2026030508\config_win\org.eclipse.equinox.launcher\org.eclipse.equinox.launcher.win32.win32.x86_64_1.3.0.v20260203-2149\eclipse_11919.dll
Event: 106.037 Loaded shared library C:\Users\ASSING ERINNE\AppData\Local\Temp\jna-275607304\jna11714935011806777768.dll

Deoptimization events (20 events):
Event: 118.118 Thread 0x000001c17994e5b0 DEOPT PACKING pc=0x000001c126c6e61c sp=0x00000044f81fdd80
Event: 118.118 Thread 0x000001c17994e5b0 DEOPT UNPACKING pc=0x000001c126553a9c sp=0x00000044f81fdc40 mode 2
Event: 118.153 Thread 0x000001c1793af020 Uncommon trap: trap_request=0xffffff45 fr.pc=0x000001c126d13040 relative=0x0000000000000100
Event: 118.153 Thread 0x000001c1793af020 Uncommon trap: reason=unstable_if action=reinterpret pc=0x000001c126d13040 method=org.lombokweb.asm.ClassReader.readUTF8(I[C)Ljava/lang/String; @ 11 c2
Event: 118.153 Thread 0x000001c1793af020 DEOPT PACKING pc=0x000001c126d13040 sp=0x00000044f7ff3530
Event: 118.153 Thread 0x000001c1793af020 DEOPT UNPACKING pc=0x000001c126553a9c sp=0x00000044f7ff34d8 mode 2
Event: 118.241 Thread 0x000001c1799513a0 Uncommon trap: trap_request=0xffffff45 fr.pc=0x000001c126b03a2c relative=0x000000000000010c
Event: 118.241 Thread 0x000001c1799513a0 Uncommon trap: reason=unstable_if action=reinterpret pc=0x000001c126b03a2c method=jdk.internal.org.objectweb.asm.ByteVector.putShort(I)Ljdk/internal/org/objectweb/asm/ByteVector; @ 13 c2
Event: 118.241 Thread 0x000001c1799513a0 DEOPT PACKING pc=0x000001c126b03a2c sp=0x00000044f7cfd200
Event: 118.241 Thread 0x000001c1799513a0 DEOPT UNPACKING pc=0x000001c126553a9c sp=0x00000044f7cfd198 mode 2
Event: 118.259 Thread 0x000001c1793af020 DEOPT PACKING pc=0x000001c11f64f15c sp=0x00000044f7ff54e0
Event: 118.259 Thread 0x000001c1793af020 DEOPT UNPACKING pc=0x000001c126554223 sp=0x00000044f7ff4a78 mode 0
Event: 118.399 Thread 0x000001c17994e5b0 Uncommon trap: trap_request=0xffffff76 fr.pc=0x000001c126c777dc relative=0x000000000000037c
Event: 118.399 Thread 0x000001c17994e5b0 Uncommon trap: reason=predicate action=maybe_recompile pc=0x000001c126c777dc method=java.util.regex.Pattern$BmpCharPropertyGreedy.match(Ljava/util/regex/Matcher;ILjava/lang/CharSequence;)Z @ 12 c2
Event: 118.399 Thread 0x000001c17994e5b0 DEOPT PACKING pc=0x000001c126c777dc sp=0x00000044f81fe710
Event: 118.399 Thread 0x000001c17994e5b0 DEOPT UNPACKING pc=0x000001c126553a9c sp=0x00000044f81fe6a8 mode 2
Event: 121.616 Thread 0x000001c1793af020 Uncommon trap: trap_request=0xffffff45 fr.pc=0x000001c126d454e0 relative=0x0000000000000140
Event: 121.616 Thread 0x000001c1793af020 Uncommon trap: reason=unstable_if action=reinterpret pc=0x000001c126d454e0 method=org.lombokweb.asm.ByteVector.putByteArray([BII)Lorg/lombokweb/asm/ByteVector; @ 20 c2
Event: 121.616 Thread 0x000001c1793af020 DEOPT PACKING pc=0x000001c126d454e0 sp=0x00000044f7feec10
Event: 121.616 Thread 0x000001c1793af020 DEOPT UNPACKING pc=0x000001c126553a9c sp=0x00000044f7feebe0 mode 2

Classes loaded (20 events):
Event: 121.059 Loading class sun/reflect/generics/repository/GenericDeclRepository done
Event: 121.059 Loading class sun/reflect/generics/repository/ClassRepository done
Event: 121.060 Loading class sun/reflect/generics/tree/FormalTypeParameter
Event: 121.064 Loading class sun/reflect/generics/tree/FormalTypeParameter done
Event: 121.065 Loading class sun/reflect/generics/tree/ClassSignature
Event: 121.065 Loading class sun/reflect/generics/tree/Signature
Event: 121.065 Loading class sun/reflect/generics/tree/Signature done
Event: 121.065 Loading class sun/reflect/generics/tree/ClassSignature done
Event: 121.065 Loading class sun/reflect/annotation/TypeAnnotation$TypeAnnotationTarget
Event: 121.070 Loading class sun/reflect/annotation/TypeAnnotation$TypeAnnotationTarget done
Event: 121.071 Loading class sun/reflect/annotation/TypeAnnotation$LocationInfo
Event: 121.071 Loading class sun/reflect/annotation/TypeAnnotation$LocationInfo done
Event: 121.071 Loading class sun/reflect/annotation/TypeAnnotation$LocationInfo$Location
Event: 121.071 Loading class sun/reflect/annotation/TypeAnnotation$LocationInfo$Location done
Event: 121.071 Loading class sun/reflect/annotation/AnnotatedTypeFactory
Event: 121.077 Loading class sun/reflect/annotation/AnnotatedTypeFactory done
Event: 121.077 Loading class sun/reflect/annotation/AnnotatedTypeFactory$AnnotatedTypeBaseImpl
Event: 121.083 Loading class sun/reflect/annotation/AnnotatedTypeFactory$AnnotatedTypeBaseImpl done
Event: 121.655 Loading class java/lang/annotation/ElementType
Event: 121.656 Loading class java/lang/annotation/ElementType done

Classes unloaded (7 events):
Event: 108.336 Thread 0x000001c119bda880 Unloading class 0x000001c1341d5000 'java/lang/invoke/LambdaForm$MH+0x000001c1341d5000'
Event: 108.336 Thread 0x000001c119bda880 Unloading class 0x000001c1341d4c00 'java/lang/invoke/LambdaForm$MH+0x000001c1341d4c00'
Event: 108.336 Thread 0x000001c119bda880 Unloading class 0x000001c1341d4800 'java/lang/invoke/LambdaForm$MH+0x000001c1341d4800'
Event: 108.336 Thread 0x000001c119bda880 Unloading class 0x000001c1341d4400 'java/lang/invoke/LambdaForm$MH+0x000001c1341d4400'
Event: 108.336 Thread 0x000001c119bda880 Unloading class 0x000001c1341d4000 'java/lang/invoke/LambdaForm$BMH+0x000001c1341d4000'
Event: 108.336 Thread 0x000001c119bda880 Unloading class 0x000001c1341d3c00 'java/lang/invoke/LambdaForm$DMH+0x000001c1341d3c00'
Event: 108.336 Thread 0x000001c119bda880 Unloading class 0x000001c1341d2800 'java/lang/invoke/LambdaForm$DMH+0x000001c1341d2800'

Classes redefined (0 events):
No events

Internal exceptions (20 events):
Event: 116.603 Thread 0x000001c1793af020 Exception <a 'java/lang/NoSuchMethodError'{0x00000000d5954218}: 'long java.lang.invoke.DirectMethodHandle$Holder.invokeSpecial(java.lang.Object, java.lang.Object)'> (0x00000000d5954218) 
thrown [s\src\hotspot\share\interpreter\linkResolver.cpp, line 773]
Event: 116.604 Thread 0x000001c1793af020 Exception <a 'java/lang/NoSuchMethodError'{0x00000000d5958570}: 'long java.lang.invoke.Invokers$Holder.invokeExact_MT(java.lang.Object, java.lang.Object)'> (0x00000000d5958570) 
thrown [s\src\hotspot\share\interpreter\linkResolver.cpp, line 773]
Event: 117.853 Thread 0x000001c1793af020 Exception <a 'java/lang/NoSuchMethodError'{0x00000000d60e1b78}: 'double java.lang.invoke.DirectMethodHandle$Holder.invokeStatic(java.lang.Object, java.lang.Object)'> (0x00000000d60e1b78) 
thrown [s\src\hotspot\share\interpreter\linkResolver.cpp, line 773]
Event: 117.854 Thread 0x000001c1793af020 Exception <a 'java/lang/NoSuchMethodError'{0x00000000d60e53c8}: 'double java.lang.invoke.DirectMethodHandle$Holder.invokeStaticInit(java.lang.Object, java.lang.Object)'> (0x00000000d60e53c8) 
thrown [s\src\hotspot\share\interpreter\linkResolver.cpp, line 773]
Event: 118.063 Thread 0x000001c1799513a0 Exception <a 'java/lang/NoSuchMethodError'{0x00000000d6311298}: 'java.lang.Object java.lang.invoke.DirectMethodHandle$Holder.newInvokeSpecial(java.lang.Object, java.lang.Object, java.lang.Object, java.lang.Object, java.lang.Object)'> (0x00000000d6311298) 
thrown [s\src\hotspot\share\interpreter\linkResolver.cpp, line 773]
Event: 118.104 Thread 0x000001c1799513a0 Exception <a 'java/lang/NoSuchMethodError'{0x00000000d6379200}: 'java.lang.Object java.lang.invoke.DirectMethodHandle$Holder.invokeStaticInit(java.lang.Object, java.lang.Object, java.lang.Object, java.lang.Object, java.lang.Object, java.lang.Object, java.lang.Object)'> (0x00000000d6379200) 
thrown [s\src\hotspot\share\interpreter\linkResolver.cpp, line 773]
Event: 118.105 Thread 0x000001c1799513a0 Exception <a 'java/lang/NoSuchMethodError'{0x00000000d637e2a8}: 'java.lang.Object java.lang.invoke.Invokers$Holder.invoke_MT(java.lang.Object, java.lang.Object, java.lang.Object, java.lang.Object, java.lang.Object, java.lang.Object, java.lang.Object, java.lang.Object, java.lang.Object)'> (0x00000000d637e2a8) 
thrown [s\src\hotspot\share\interpreter\linkResolver.cpp, line 773]
Event: 118.152 Thread 0x000001c1799513a0 Exception <a 'java/lang/NoSuchMethodError'{0x00000000d63dace0}: 'int java.lang.invoke.DirectMethodHandle$Holder.invokeVirtual(java.lang.Object, java.lang.Object, java.lang.Object)'> (0x00000000d63dace0) 
thrown [s\src\hotspot\share\interpreter\linkResolver.cpp, line 773]
Event: 118.154 Thread 0x000001c1799513a0 Exception <a 'java/lang/NoSuchMethodError'{0x00000000d63eff18}: 'int java.lang.invoke.DirectMethodHandle$Holder.invokeStaticInit(java.lang.Object, int, int)'> (0x00000000d63eff18) 
thrown [s\src\hotspot\share\interpreter\linkResolver.cpp, line 773]
Event: 118.190 Thread 0x000001c1799513a0 Exception <a 'java/lang/NoSuchMethodError'{0x00000000d63f77a0}: 'int java.lang.invoke.DirectMethodHandle$Holder.invokeStaticInit(java.lang.Object, long, long)'> (0x00000000d63f77a0) 
thrown [s\src\hotspot\share\interpreter\linkResolver.cpp, line 773]
Event: 118.191 Thread 0x000001c1799513a0 Exception <a 'java/lang/NoSuchMethodError'{0x00000000d63fe5c8}: 'int java.lang.invoke.DirectMethodHandle$Holder.invokeStaticInit(java.lang.Object, float, float)'> (0x00000000d63fe5c8) 
thrown [s\src\hotspot\share\interpreter\linkResolver.cpp, line 773]
Event: 118.196 Thread 0x000001c1799513a0 Exception <a 'java/lang/NoSuchMethodError'{0x00000000d64e6ae0}: 'int java.lang.invoke.DirectMethodHandle$Holder.invokeStaticInit(java.lang.Object, double, double)'> (0x00000000d64e6ae0) 
thrown [s\src\hotspot\share\interpreter\linkResolver.cpp, line 773]
Event: 118.197 Thread 0x000001c1799513a0 Exception <a 'java/lang/NoSuchMethodError'{0x00000000d64eb248}: 'int java.lang.invoke.DirectMethodHandle$Holder.invokeStatic(java.lang.Object, long)'> (0x00000000d64eb248) 
thrown [s\src\hotspot\share\interpreter\linkResolver.cpp, line 773]
Event: 118.210 Thread 0x000001c17994e5b0 Exception <a 'java/lang/NoSuchMethodError'{0x00000000d63cb978}: 'int java.lang.invoke.Invokers$Holder.linkToTargetMethod(java.lang.Object, java.lang.Object)'> (0x00000000d63cb978) 
thrown [s\src\hotspot\share\interpreter\linkResolver.cpp, line 773]
Event: 118.216 Thread 0x000001c1799513a0 Exception <a 'java/lang/NoSuchMethodError'{0x00000000d650d088}: 'int java.lang.invoke.DirectMethodHandle$Holder.invokeSpecial(java.lang.Object, java.lang.Object, java.lang.Object, java.lang.Object)'> (0x00000000d650d088) 
thrown [s\src\hotspot\share\interpreter\linkResolver.cpp, line 773]
Event: 118.223 Thread 0x000001c1799513a0 Exception <a 'java/lang/NoSuchMethodError'{0x00000000d652bfc0}: 'java.lang.Object java.lang.invoke.DirectMethodHandle$Holder.invokeStatic(java.lang.Object, int, java.lang.Object, java.lang.Object)'> (0x00000000d652bfc0) 
thrown [s\src\hotspot\share\interpreter\linkResolver.cpp, line 773]
Event: 118.236 Thread 0x000001c1799513a0 Exception <a 'java/lang/NoSuchMethodError'{0x00000000d652f988}: 'java.lang.Object java.lang.invoke.DelegatingMethodHandle$Holder.delegate(java.lang.Object, int, java.lang.Object, java.lang.Object)'> (0x00000000d652f988) 
thrown [s\src\hotspot\share\interpreter\linkResolver.cpp, line 773]
Event: 118.267 Thread 0x000001c1799513a0 Exception <a 'java/lang/NoSuchMethodError'{0x00000000d6543278}: 'int java.lang.invoke.Invokers$Holder.linkToTargetMethod(java.lang.Object, java.lang.Object, java.lang.Object)'> (0x00000000d6543278) 
thrown [s\src\hotspot\share\interpreter\linkResolver.cpp, line 773]
Event: 118.835 Thread 0x000001c17994e5b0 Exception <a 'java/lang/NoSuchMethodError'{0x00000000d68a8568}: 'java.lang.Object java.lang.invoke.DirectMethodHandle$Holder.invokeSpecialIFC(java.lang.Object, java.lang.Object, java.lang.Object, java.lang.Object)'> (0x00000000d68a8568) 
thrown [s\src\hotspot\share\interpreter\linkResolver.cpp, line 773]
Event: 121.616 Thread 0x000001c1793af020 Implicit null exception at 0x000001c126d453f6 to 0x000001c126d454c8

ZGC Phase Switch (0 events):
No events

VM Operations (20 events):
Event: 117.218 Executing safepoint VM operation: Cleanup
Event: 117.218 Executing safepoint VM operation: Cleanup done
Event: 118.225 Executing safepoint VM operation: Cleanup
Event: 118.233 Executing safepoint VM operation: Cleanup done
Event: 118.260 Executing non-safepoint VM operation: HandshakeAllThreads (Deoptimize)
Event: 118.273 Executing non-safepoint VM operation: HandshakeAllThreads (Deoptimize) done
Event: 119.272 Executing safepoint VM operation: ParallelGCFailedAllocation (Allocation Failure)
Event: 119.314 Executing safepoint VM operation: ParallelGCFailedAllocation (Allocation Failure) done
Event: 120.319 Executing safepoint VM operation: Cleanup
Event: 120.343 Executing safepoint VM operation: Cleanup done
Event: 120.524 Executing safepoint VM operation: ParallelGCFailedAllocation (Allocation Failure)
Event: 120.601 Executing safepoint VM operation: ParallelGCFailedAllocation (Allocation Failure) done
Event: 120.862 Executing non-safepoint VM operation: HandshakeAllThreads (HandshakeForDeflation)
Event: 120.863 Executing non-safepoint VM operation: HandshakeAllThreads (HandshakeForDeflation) done
Event: 120.863 Executing non-safepoint VM operation: RendezvousGCThreads
Event: 120.863 Executing non-safepoint VM operation: RendezvousGCThreads done
Event: 121.872 Executing safepoint VM operation: Cleanup
Event: 121.913 Executing safepoint VM operation: Cleanup done
Event: 121.996 Executing safepoint VM operation: ParallelGCFailedAllocation (Allocation Failure)
Event: 122.001 Executing safepoint VM operation: ParallelGCFailedAllocation (Allocation Failure) done

Memory protections (0 events):
No events

Nmethod flushes (0 events):
No events

Events (20 events):
Event: 27.090 Thread 0x000001c13282c280 Thread exited: 0x000001c13282c280
Event: 27.121 Thread 0x000001c174847d10 Thread exited: 0x000001c174847d10
Event: 27.145 Thread 0x000001c174848380 Thread exited: 0x000001c174848380
Event: 30.753 Thread 0x000001c119b20cf0 Thread added: 0x000001c179812b00
Event: 31.068 Thread 0x000001c119b20cf0 Thread added: 0x000001c1799b48a0
Event: 31.526 Thread 0x000001c1799b48a0 Thread added: 0x000001c1797901c0
Event: 31.526 Thread 0x000001c1799b48a0 Thread added: 0x000001c179790830
Event: 31.526 Thread 0x000001c1799b48a0 Thread added: 0x000001c1797916b0
Event: 31.527 Thread 0x000001c1799b48a0 Thread added: 0x000001c17977d950
Event: 44.188 Thread 0x000001c17977d950 Thread exited: 0x000001c17977d950
Event: 44.251 Thread 0x000001c1797916b0 Thread exited: 0x000001c1797916b0
Event: 44.267 Thread 0x000001c179790830 Thread exited: 0x000001c179790830
Event: 44.267 Thread 0x000001c1797901c0 Thread exited: 0x000001c1797901c0
Event: 84.457 Thread 0x000001c1793af020 Thread added: 0x000001c17994ec40
Event: 91.395 Thread 0x000001c1793af020 Thread added: 0x000001c17994f2d0
Event: 106.401 Thread 0x000001c1793af020 Thread added: 0x000001c179951a30
Event: 107.053 Thread 0x000001c1793af020 Thread added: 0x000001c1799513a0
Event: 107.509 Thread 0x000001c1793af020 Thread added: 0x000001c17994f960
Event: 107.717 Thread 0x000001c17994f960 Thread added: 0x000001c17994e5b0
Event: 118.113 Thread 0x000001c17994e5b0 Thread added: 0x000001c17994fff0


Dynamic libraries:
0x00007ff730440000 - 0x00007ff73044e000 	d:\DEV26\VSCode-webjava\data\extensions\redhat.java-1.54.2026030508-win32-x64\jre\21.0.10-win32-x86_64\bin\java.exe
0x00007ff8bc6d0000 - 0x00007ff8bc8e8000 	C:\WINDOWS\SYSTEM32\ntdll.dll
0x00007ff8bb9a0000 - 0x00007ff8bba64000 	C:\WINDOWS\System32\KERNEL32.DLL
0x00007ff8b9c90000 - 0x00007ff8ba063000 	C:\WINDOWS\System32\KERNELBASE.dll
0x00007ff8b61f0000 - 0x00007ff8b6287000 	C:\WINDOWS\SYSTEM32\apphelp.dll
0x00007ff8b98a0000 - 0x00007ff8b99b1000 	C:\WINDOWS\System32\ucrtbase.dll
0x00007ff8922c0000 - 0x00007ff8922d8000 	d:\DEV26\VSCode-webjava\data\extensions\redhat.java-1.54.2026030508-win32-x64\jre\21.0.10-win32-x86_64\bin\jli.dll
0x00007ff8ba670000 - 0x00007ff8ba822000 	C:\WINDOWS\System32\USER32.dll
0x00007ff8b9be0000 - 0x00007ff8b9c06000 	C:\WINDOWS\System32\win32u.dll
0x00007ff8baec0000 - 0x00007ff8baee9000 	C:\WINDOWS\System32\GDI32.dll
0x00007ff8ba070000 - 0x00007ff8ba18b000 	C:\WINDOWS\System32\gdi32full.dll
0x00007ff8ba2d0000 - 0x00007ff8ba36a000 	C:\WINDOWS\System32\msvcp_win.dll
0x00007ff8949c0000 - 0x00007ff8949de000 	d:\DEV26\VSCode-webjava\data\extensions\redhat.java-1.54.2026030508-win32-x64\jre\21.0.10-win32-x86_64\bin\VCRUNTIME140.dll
0x00007ff89ebc0000 - 0x00007ff89ee5c000 	C:\WINDOWS\WinSxS\amd64_microsoft.windows.common-controls_6595b64144ccf1df_6.0.22621.6060_none_2712eda17382d24b\COMCTL32.dll
0x00007ff8bb420000 - 0x00007ff8bb4c7000 	C:\WINDOWS\System32\msvcrt.dll
0x00007ff8bb950000 - 0x00007ff8bb981000 	C:\WINDOWS\System32\IMM32.DLL
0x00007ff8b3900000 - 0x00007ff8b390c000 	d:\DEV26\VSCode-webjava\data\extensions\redhat.java-1.54.2026030508-win32-x64\jre\21.0.10-win32-x86_64\bin\vcruntime140_1.dll
0x00007ff8654b0000 - 0x00007ff86553d000 	d:\DEV26\VSCode-webjava\data\extensions\redhat.java-1.54.2026030508-win32-x64\jre\21.0.10-win32-x86_64\bin\msvcp140.dll
0x00007ffff1e20000 - 0x00007ffff2bc1000 	d:\DEV26\VSCode-webjava\data\extensions\redhat.java-1.54.2026030508-win32-x64\jre\21.0.10-win32-x86_64\bin\server\jvm.dll
0x00007ff8bb240000 - 0x00007ff8bb2f1000 	C:\WINDOWS\System32\ADVAPI32.dll
0x00007ff8bad90000 - 0x00007ff8bae38000 	C:\WINDOWS\System32\sechost.dll
0x00007ff8b99c0000 - 0x00007ff8b99e8000 	C:\WINDOWS\System32\bcrypt.dll
0x00007ff8bb300000 - 0x00007ff8bb418000 	C:\WINDOWS\System32\RPCRT4.dll
0x00007ff8bae40000 - 0x00007ff8baeb1000 	C:\WINDOWS\System32\WS2_32.dll
0x00007ff8b96b0000 - 0x00007ff8b96fd000 	C:\WINDOWS\SYSTEM32\POWRPROF.dll
0x00007ff8a9d20000 - 0x00007ff8a9d2a000 	C:\WINDOWS\SYSTEM32\VERSION.dll
0x00007ff8b0c70000 - 0x00007ff8b0ca4000 	C:\WINDOWS\SYSTEM32\WINMM.dll
0x00007ff8b9690000 - 0x00007ff8b96a3000 	C:\WINDOWS\SYSTEM32\UMPDC.dll
0x00007ff8b87c0000 - 0x00007ff8b87d8000 	C:\WINDOWS\SYSTEM32\kernel.appcore.dll
0x00007ff8a2f10000 - 0x00007ff8a2f1a000 	d:\DEV26\VSCode-webjava\data\extensions\redhat.java-1.54.2026030508-win32-x64\jre\21.0.10-win32-x86_64\bin\jimage.dll
0x00007ff8b71a0000 - 0x00007ff8b73d3000 	C:\WINDOWS\SYSTEM32\DBGHELP.DLL
0x00007ff8ba9f0000 - 0x00007ff8bad81000 	C:\WINDOWS\System32\combase.dll
0x00007ff8bc3e0000 - 0x00007ff8bc4b8000 	C:\WINDOWS\System32\OLEAUT32.dll
0x00007ff8a38b0000 - 0x00007ff8a38e2000 	C:\WINDOWS\SYSTEM32\dbgcore.DLL
0x00007ff8b99f0000 - 0x00007ff8b9a6b000 	C:\WINDOWS\System32\bcryptPrimitives.dll
0x00007ff8a2ec0000 - 0x00007ff8a2ecf000 	d:\DEV26\VSCode-webjava\data\extensions\redhat.java-1.54.2026030508-win32-x64\jre\21.0.10-win32-x86_64\bin\instrument.dll
0x00007ff88c6e0000 - 0x00007ff88c700000 	d:\DEV26\VSCode-webjava\data\extensions\redhat.java-1.54.2026030508-win32-x64\jre\21.0.10-win32-x86_64\bin\java.dll
0x00007ff88e730000 - 0x00007ff88e748000 	d:\DEV26\VSCode-webjava\data\extensions\redhat.java-1.54.2026030508-win32-x64\jre\21.0.10-win32-x86_64\bin\zip.dll
0x00007ff8bba70000 - 0x00007ff8bc30c000 	C:\WINDOWS\System32\SHELL32.dll
0x00007ff8ba190000 - 0x00007ff8ba2cf000 	C:\WINDOWS\System32\wintypes.dll
0x00007ff8b76e0000 - 0x00007ff8b7ffa000 	C:\WINDOWS\SYSTEM32\windows.storage.dll
0x00007ff8baf70000 - 0x00007ff8bb074000 	C:\WINDOWS\System32\SHCORE.dll
0x00007ff8ba5a0000 - 0x00007ff8ba609000 	C:\WINDOWS\System32\shlwapi.dll
0x00007ff8b9710000 - 0x00007ff8b9735000 	C:\WINDOWS\SYSTEM32\profapi.dll
0x00007ff8a1300000 - 0x00007ff8a1310000 	D:\DEV26\VSCode-webjava\data\extensions\redhat.java-1.54.2026030508-win32-x64\jre\21.0.10-win32-x86_64\bin\net.dll
0x00007ff8affe0000 - 0x00007ff8b010c000 	C:\WINDOWS\SYSTEM32\WINHTTP.dll
0x00007ff8b8ca0000 - 0x00007ff8b8d09000 	C:\WINDOWS\system32\mswsock.dll
0x00007ff88c340000 - 0x00007ff88c356000 	D:\DEV26\VSCode-webjava\data\extensions\redhat.java-1.54.2026030508-win32-x64\jre\21.0.10-win32-x86_64\bin\nio.dll
0x00007ff8b39f0000 - 0x00007ff8b3a00000 	d:\DEV26\VSCode-webjava\data\extensions\redhat.java-1.54.2026030508-win32-x64\jre\21.0.10-win32-x86_64\bin\verify.dll
0x00007ff88b170000 - 0x00007ff88b1b5000 	D:\DEV26\VSCode-webjava\data\user-data\User\globalStorage\redhat.java\1.54.2026030508\config_win\org.eclipse.equinox.launcher\org.eclipse.equinox.launcher.win32.win32.x86_64_1.3.0.v20260203-2149\eclipse_11919.dll
0x00007ff8ba840000 - 0x00007ff8ba9e1000 	C:\WINDOWS\System32\ole32.dll
0x00007ff8b8f00000 - 0x00007ff8b8f1b000 	C:\WINDOWS\SYSTEM32\CRYPTSP.dll
0x00007ff8b8720000 - 0x00007ff8b8757000 	C:\WINDOWS\system32\rsaenh.dll
0x00007ff8b8d90000 - 0x00007ff8b8db8000 	C:\WINDOWS\SYSTEM32\USERENV.dll
0x00007ff8b8ef0000 - 0x00007ff8b8efc000 	C:\WINDOWS\SYSTEM32\CRYPTBASE.dll
0x00007ff8b8260000 - 0x00007ff8b828d000 	C:\WINDOWS\SYSTEM32\IPHLPAPI.DLL
0x00007ff8ba830000 - 0x00007ff8ba839000 	C:\WINDOWS\System32\NSI.dll
0x00007ff857350000 - 0x00007ff857399000 	C:\Users\ASSING ERINNE\AppData\Local\Temp\jna-275607304\jna11714935011806777768.dll
0x00007ff8bc570000 - 0x00007ff8bc578000 	C:\WINDOWS\System32\PSAPI.DLL

JVMTI agents:
d:\DEV26\VSCode-webjava\data\extensions\redhat.java-1.54.2026030508-win32-x64\lombok\lombok-1.18.39-4050.jar path:d:\DEV26\VSCode-webjava\data\extensions\redhat.java-1.54.2026030508-win32-x64\jre\21.0.10-win32-x86_64\bin\instrument.dll, loaded, initialized, instrumentlib options:none

dbghelp: loaded successfully - version: 4.0.5 - missing functions: none
symbol engine: initialized successfully - sym options: 0x614 - pdb path: .;d:\DEV26\VSCode-webjava\data\extensions\redhat.java-1.54.2026030508-win32-x64\jre\21.0.10-win32-x86_64\bin;C:\WINDOWS\SYSTEM32;C:\WINDOWS\WinSxS\amd64_microsoft.windows.common-controls_6595b64144ccf1df_6.0.22621.6060_none_2712eda17382d24b;d:\DEV26\VSCode-webjava\data\extensions\redhat.java-1.54.2026030508-win32-x64\jre\21.0.10-win32-x86_64\bin\server;D:\DEV26\VSCode-webjava\data\user-data\User\globalStorage\redhat.java\1.54.2026030508\config_win\org.eclipse.equinox.launcher\org.eclipse.equinox.launcher.win32.win32.x86_64_1.3.0.v20260203-2149;C:\Users\ASSING ERINNE\AppData\Local\Temp\jna-275607304

VM Arguments:
jvm_args: --add-modules=ALL-SYSTEM --add-opens=java.base/java.util=ALL-UNNAMED --add-opens=java.base/java.lang=ALL-UNNAMED --add-opens=java.base/sun.nio.fs=ALL-UNNAMED -Declipse.application=org.eclipse.jdt.ls.core.id1 -Dosgi.bundles.defaultStartLevel=4 -Declipse.product=org.eclipse.jdt.ls.core.product -Djava.import.generatesMetadataFilesAtProjectRoot=false -DDetectVMInstallationsJob.disabled=true -Dfile.encoding=utf8 -XX:+UseParallelGC -XX:GCTimeRatio=4 -XX:AdaptiveSizePolicyWeight=90 -Dsun.zip.disableMemoryMapping=true -Xmx2G -Xms100m -Xlog:disable -javaagent:d:\DEV26\VSCode-webjava\data\extensions\redhat.java-1.54.2026030508-win32-x64\lombok\lombok-1.18.39-4050.jar -XX:+HeapDumpOnOutOfMemoryError -XX:HeapDumpPath=d:\DEV26\VSCode-webjava\data\user-data\User\workspaceStorage\88cefbc8301cd91e89c4b5cff52c72db\redhat.java -Daether.dependencyCollector.impl=bf -XX:+UnlockDiagnosticVMOptions -XX:+AllowArchivingWithJavaAgent -XX:+AutoCreateSharedArchive -XX:SharedArchiveFile=d:\DEV26\VSCode-webjava\data\user-data\User\globalStorage\redhat.java\1.54.2026030508\jdtls.jsa 
java_command: d:\DEV26\VSCode-webjava\data\extensions\redhat.java-1.54.2026030508-win32-x64\server\plugins\org.eclipse.equinox.launcher_1.7.100.v20251111-0406.jar -configuration d:\DEV26\VSCode-webjava\data\user-data\User\globalStorage\redhat.java\1.54.2026030508\config_win -data d:\DEV26\VSCode-webjava\data\user-data\User\workspaceStorage\88cefbc8301cd91e89c4b5cff52c72db\redhat.java\jdt_ws --pipe=\\.\pipe\lsp-822deb985e2fee7df0ba6045dadb6d81-sock
java_class_path (initial): d:\DEV26\VSCode-webjava\data\extensions\redhat.java-1.54.2026030508-win32-x64\server\plugins\org.eclipse.equinox.launcher_1.7.100.v20251111-0406.jar
Launcher Type: SUN_STANDARD

[Global flags]
    uintx AdaptiveSizePolicyWeight                 = 90                                        {product} {command line}
     bool AllowArchivingWithJavaAgent              = true                             {JVMCI diagnostic} {command line}
     bool AutoCreateSharedArchive                  = true                                {JVMCI product} {command line}
     intx CICompilerCount                          = 3                                         {product} {ergonomic}
    uintx GCTimeRatio                              = 4                                         {product} {command line}
     bool HeapDumpOnOutOfMemoryError               = true                                   {manageable} {command line}
    ccstr HeapDumpPath                             = d:\DEV26\VSCode-webjava\data\user-data\User\workspaceStorage\88cefbc8301cd91e89c4b5cff52c72db\redhat.java         {manageable} {command line}
   size_t InitialHeapSize                          = 104857600                                 {product} {command line}
   size_t MaxHeapSize                              = 2147483648                                {product} {command line}
   size_t MaxNewSize                               = 715653120                                 {product} {ergonomic}
   size_t MinHeapDeltaBytes                        = 524288                                    {product} {ergonomic}
   size_t MinHeapSize                              = 104857600                                 {product} {command line}
   size_t NewSize                                  = 34603008                                  {product} {ergonomic}
    uintx NonNMethodCodeHeapSize                   = 5832780                                {pd product} {ergonomic}
    uintx NonProfiledCodeHeapSize                  = 122912730                              {pd product} {ergonomic}
   size_t OldSize                                  = 70254592                                  {product} {ergonomic}
    uintx ProfiledCodeHeapSize                     = 122912730                              {pd product} {ergonomic}
    uintx ReservedCodeCacheSize                    = 251658240                              {pd product} {ergonomic}
     bool SegmentedCodeCache                       = true                                      {product} {ergonomic}
    ccstr SharedArchiveFile                        =                                     {JVMCI product} {command line}
   size_t SoftMaxHeapSize                          = 2147483648                             {manageable} {ergonomic}
     bool UnlockDiagnosticVMOptions                = true                                   {diagnostic} {command line}
     bool UseCompressedOops                        = true                           {product lp64_product} {ergonomic}
     bool UseLargePagesIndividualAllocation        = false                                  {pd product} {ergonomic}
     bool UseParallelGC                            = true                                      {product} {command line}

Logging:
Log output configuration:
 #0: stdout all=off uptime,level,tags foldmultilines=false
 #1: stderr all=off uptime,level,tags foldmultilines=false

Release file:
JAVA_VERSION="21.0.10" 
MODULES="java.base java.compiler java.datatransfer java.xml java.prefs java.desktop java.instrument java.logging java.management java.security.sasl java.naming java.rmi java.management.rmi java.net.http java.scripting java.security.jgss java.transaction.xa java.sql java.sql.rowset java.xml.crypto java.se java.smartcardio jdk.accessibility jdk.internal.jvmstat jdk.attach jdk.charsets jdk.internal.opt jdk.zipfs jdk.compiler jdk.crypto.ec jdk.crypto.cryptoki jdk.crypto.mscapi jdk.dynalink jdk.internal.ed jdk.editpad jdk.hotspot.agent jdk.httpserver jdk.internal.le jdk.internal.vm.ci jdk.internal.vm.compiler jdk.internal.vm.compiler.management jdk.jartool jdk.javadoc jdk.jcmd jdk.management jdk.management.agent jdk.jconsole jdk.jdeps jdk.jdwp.agent jdk.jdi jdk.jfr jdk.jshell jdk.jsobject jdk.jstatd jdk.localedata jdk.management.jfr jdk.naming.dns jdk.naming.rmi jdk.net jdk.nio.mapmode jdk.random jdk.sctp jdk.security.auth jdk.security.jgss jdk.unsupported jdk.unsupported.desktop jdk.xml.dom" 

Environment Variables:
PATH=C:\WINDOWS\system32;C:\WINDOWS;C:\WINDOWS\System32\Wbem;C:\WINDOWS\System32\WindowsPowerShell\v1.0\;C:\WINDOWS\System32\OpenSSH\;C:\Program Files\Git\cmd;C:\Program Files\Docker\Docker\resources\bin;C:\Users\ASSING ERINNE\AppData\Local\Microsoft\WindowsApps;C:\Users\ASSING ERINNE\AppData\Local\Programs\Microsoft VS Code\bin;C:\Users\ASSING ERINNE\AppData\Local\Python\bin
USERNAME=ASSING ERINNE
OS=Windows_NT
PROCESSOR_IDENTIFIER=Intel64 Family 6 Model 122 Stepping 8, GenuineIntel
TMP=C:\Users\ASSING~1\AppData\Local\Temp
TEMP=C:\Users\ASSING~1\AppData\Local\Temp




Periodic native trim disabled

---------------  S Y S T E M  ---------------

OS:
 Windows 11 , 64 bit Build 22621 (10.0.22621.5415)
OS uptime: 1 days 11:01 hours

CPU: total 4 (initial active 4) (4 cores per cpu, 1 threads per core) family 6 model 122 stepping 8 microcode 0x18, cx8, cmov, fxsr, mmx, 3dnowpref, sse, sse2, sse3, ssse3, sse4.1, sse4.2, popcnt, tsc, tscinvbit, aes, erms, clmul, sha, clflush, clflushopt, rdtscp, rdpid
Processor Information for the first 4 processors :
  Max Mhz: 1101, Current Mhz: 1101, Mhz Limit: 1101

Memory: 4k page, system-wide physical 3908M (38M free)
TotalPageFile size 15684M (AvailPageFile size 2M)
current process WorkingSet (physical memory assigned to process): 141M, peak: 157M
current process commit charge ("private bytes"): 282M, peak: 291M

vm_info: OpenJDK 64-Bit Server VM (21.0.10+7-LTS) for windows-amd64 JRE (21.0.10+7-LTS), built on 2026-01-20T00:00:00Z by "admin" with MS VC++ 17.12 (VS2022)

END.
